Release 14.7 - xst P.20131013 (nt64)
Copyright (c) 1995-2013 Xilinx, Inc.  All rights reserved.
--> Parameter TMPDIR set to xst/projnav.tmp


Total REAL time to Xst completion: 1.00 secs
Total CPU time to Xst completion: 0.09 secs
 
--> Parameter xsthdpdir set to xst


Total REAL time to Xst completion: 1.00 secs
Total CPU time to Xst completion: 0.09 secs
 
--> Reading design: ContadorAsDes310.prj

TABLE OF CONTENTS
  1) Synthesis Options Summary
  2) HDL Parsing
  3) HDL Elaboration
  4) HDL Synthesis
       4.1) HDL Synthesis Report
  5) Advanced HDL Synthesis
       5.1) Advanced HDL Synthesis Report
  6) Low Level Synthesis
  7) Partition Report
  8) Design Summary
       8.1) Primitive and Black Box Usage
       8.2) Device utilization summary
       8.3) Partition Resource Summary
       8.4) Timing Report
            8.4.1) Clock Information
            8.4.2) Asynchronous Control Signals Information
            8.4.3) Timing Summary
            8.4.4) Timing Details
            8.4.5) Cross Clock Domains Report


=========================================================================
*                      Synthesis Options Summary                        *
=========================================================================
---- Source Parameters
Input File Name                    : "ContadorAsDes310.prj"
Ignore Synthesis Constraint File   : NO

---- Target Parameters
Output File Name                   : "ContadorAsDes310"
Output Format                      : NGC
Target Device                      : xc7a100t-3-csg324

---- Source Options
Top Module Name                    : ContadorAsDes310
Automatic FSM Extraction           : YES
FSM Encoding Algorithm             : Auto
Safe Implementation                : No
FSM Style                          : LUT
RAM Extraction                     : Yes
RAM Style                          : Auto
ROM Extraction                     : Yes
Shift Register Extraction          : YES
ROM Style                          : Auto
Resource Sharing                   : YES
Asynchronous To Synchronous        : NO
Shift Register Minimum Size        : 2
Use DSP Block                      : Auto
Automatic Register Balancing       : No

---- Target Options
LUT Combining                      : Auto
Reduce Control Sets                : Auto
Add IO Buffers                     : YES
Global Maximum Fanout              : 100000
Add Generic Clock Buffer(BUFG)     : 32
Register Duplication               : YES
Optimize Instantiated Primitives   : NO
Use Clock Enable                   : Auto
Use Synchronous Set                : Auto
Use Synchronous Reset              : Auto
Pack IO Registers into IOBs        : Auto
Equivalent register Removal        : YES

---- General Options
Optimization Goal                  : Speed
Optimization Effort                : 1
Power Reduction                    : NO
Keep Hierarchy                     : No
Netlist Hierarchy                  : As_Optimized
RTL Output                         : Yes
Global Optimization                : AllClockNets
Read Cores                         : YES
Write Timing Constraints           : NO
Cross Clock Analysis               : NO
Hierarchy Separator                : /
Bus Delimiter                      : <>
Case Specifier                     : Maintain
Slice Utilization Ratio            : 100
BRAM Utilization Ratio             : 100
DSP48 Utilization Ratio            : 100
Auto BRAM Packing                  : NO
Slice Utilization Ratio Delta      : 5

=========================================================================


=========================================================================
*                          HDL Parsing                                  *
=========================================================================
Parsing VHDL file "C:\Xilinx\EstructuracionP1\ContadorAsDes310.vhd" into library work
Parsing entity <ContadorAsDes310>.
Parsing architecture <Behavioral> of entity <contadorasdes310>.

=========================================================================
*                            HDL Elaboration                            *
=========================================================================

Elaborating entity <ContadorAsDes310> (architecture <Behavioral>) from library <work>.
WARNING:HDLCompiler:92 - "C:\Xilinx\EstructuracionP1\ContadorAsDes310.vhd" Line 30: aux should be on the sensitivity list of the process
WARNING:HDLCompiler:634 - "C:\Xilinx\EstructuracionP1\ContadorAsDes310.vhd" Line 12: Net <X> does not have a driver.

=========================================================================
*                           HDL Synthesis                               *
=========================================================================

Synthesizing Unit <ContadorAsDes310>.
    Related source file is "C:\Xilinx\EstructuracionP1\ContadorAsDes310.vhd".
WARNING:Xst:653 - Signal <X> is used but never assigned. This sourceless signal will be automatically connected to value GND.
    Found 4-bit register for signal <aux>.
    Found 4-bit adder for signal <aux[3]_GND_5_o_add_4_OUT> created at line 27.
    Found 4-bit subtractor for signal <GND_5_o_GND_5_o_sub_2_OUT<3:0>> created at line 22.
    Found 16x1-bit Read Only RAM for signal <Sal1>
    Summary:
	inferred   1 RAM(s).
	inferred   1 Adder/Subtractor(s).
	inferred   4 D-type flip-flop(s).
Unit <ContadorAsDes310> synthesized.

=========================================================================
HDL Synthesis Report

Macro Statistics
# RAMs                                                 : 1
 16x1-bit single-port Read Only RAM                    : 1
# Adders/Subtractors                                   : 1
 4-bit addsub                                          : 1
# Registers                                            : 1
 4-bit register                                        : 1

=========================================================================

=========================================================================
*                       Advanced HDL Synthesis                          *
=========================================================================


Synthesizing (advanced) Unit <ContadorAsDes310>.
The following registers are absorbed into counter <aux>: 1 register on signal <aux>.
INFO:Xst:3218 - HDL ADVISOR - The RAM <Mram_Sal1> will be implemented on LUTs either because you have described an asynchronous read or because of currently unsupported block RAM features. If you have described an asynchronous read, making it synchronous would allow you to take advantage of available block RAM resources, for optimized device usage and improved timings. Please refer to your documentation for coding guidelines.
    -----------------------------------------------------------------------
    | ram_type           | Distributed                         |          |
    -----------------------------------------------------------------------
    | Port A                                                              |
    |     aspect ratio   | 16-word x 1-bit                     |          |
    |     weA            | connected to signal <GND>           | high     |
    |     addrA          | connected to signal <Q>             |          |
    |     diA            | connected to signal <GND>           |          |
    |     doA            | connected to signal <Sal1>          |          |
    -----------------------------------------------------------------------
Unit <ContadorAsDes310> synthesized (advanced).

=========================================================================
Advanced HDL Synthesis Report

Macro Statistics
# RAMs                                                 : 1
 16x1-bit single-port distributed Read Only RAM        : 1
# Counters                                             : 1
 4-bit updown counter                                  : 1

=========================================================================

=========================================================================
*                         Low Level Synthesis                           *
=========================================================================

Optimizing unit <ContadorAsDes310> ...

Mapping all equations...
Building and optimizing final netlist ...
Found area constraint ratio of 100 (+ 5) on block ContadorAsDes310, actual ratio is 0.

Final Macro Processing ...

=========================================================================
Final Register Report

Macro Statistics
# Registers                                            : 4
 Flip-Flops                                            : 4

=========================================================================

=========================================================================
*                           Partition Report                            *
=========================================================================

Partition Implementation Status
-------------------------------

  No Partitions were found in this design.

-------------------------------

=========================================================================
*                            Design Summary                             *
=========================================================================

Top Level Output File Name         : ContadorAsDes310.ngc

Primitive and Black Box Usage:
------------------------------
# BELS                             : 6
#      GND                         : 1
#      INV                         : 1
#      LUT2                        : 1
#      LUT5                        : 3
# FlipFlops/Latches                : 4
#      FD                          : 4
# Clock Buffers                    : 1
#      BUFGP                       : 1
# IO Buffers                       : 7
#      IBUF                        : 1
#      OBUF                        : 6

Device utilization summary:
---------------------------

Selected Device : 7a100tcsg324-3 


Slice Logic Utilization: 
 Number of Slice Registers:               4  out of  126800     0%  
 Number of Slice LUTs:                    5  out of  63400     0%  
    Number used as Logic:                 5  out of  63400     0%  

Slice Logic Distribution: 
 Number of LUT Flip Flop pairs used:      9
   Number with an unused Flip Flop:       5  out of      9    55%  
   Number with an unused LUT:             4  out of      9    44%  
   Number of fully used LUT-FF pairs:     0  out of      9     0%  
   Number of unique control sets:         1

IO Utilization: 
 Number of IOs:                           8
 Number of bonded IOBs:                   8  out of    210     3%  

Specific Feature Utilization:
 Number of BUFG/BUFGCTRLs:                1  out of     32     3%  

---------------------------
Partition Resource Summary:
---------------------------

  No Partitions were found in this design.

---------------------------


=========================================================================
Timing Report

NOTE: THESE TIMING NUMBERS ARE ONLY A SYNTHESIS ESTIMATE.
      FOR ACCURATE TIMING INFORMATION PLEASE REFER TO THE TRACE REPORT
      GENERATED AFTER PLACE-and-ROUTE.

Clock Information:
------------------
-----------------------------------+------------------------+-------+
Clock Signal                       | Clock buffer(FF name)  | Load  |
-----------------------------------+------------------------+-------+
Clk                                | BUFGP                  | 4     |
-----------------------------------+------------------------+-------+

Asynchronous Control Signals Information:
----------------------------------------
No asynchronous control signals found in this design

Timing Summary:
---------------
Speed Grade: -3

   Minimum period: 1.064ns (Maximum Frequency: 940.115MHz)
   Minimum input arrival time before clock: 0.799ns
   Maximum output required time after clock: 1.140ns
   Maximum combinational path delay: No path found

Timing Details:
---------------
All values displayed in nanoseconds (ns)

=========================================================================
Timing constraint: Default period analysis for Clock 'Clk'
  Clock period: 1.064ns (frequency: 940.115MHz)
  Total number of paths / destination ports: 13 / 4
-------------------------------------------------------------------------
Delay:               1.064ns (Levels of Logic = 1)
  Source:            aux_0 (FF)
  Destination:       aux_0 (FF)
  Source Clock:      Clk rising
  Destination Clock: Clk rising

  Data Path: aux_0 to aux_0
                                Gate     Net
    Cell:in->out      fanout   Delay   Delay  Logical Name (Net Name)
    ----------------------------------------  ------------
     FD:C->Q               6   0.361   0.302  aux_0 (aux_0)
     INV:I->O              1   0.113   0.279  aux_0_rstpot_INV_0 (aux_0_rstpot)
     FD:D                      0.008          aux_0
    ----------------------------------------
    Total                      1.064ns (0.482ns logic, 0.582ns route)
                                       (45.3% logic, 54.7% route)

=========================================================================
Timing constraint: Default OFFSET IN BEFORE for Clock 'Clk'
  Total number of paths / destination ports: 3 / 3
-------------------------------------------------------------------------
Offset:              0.799ns (Levels of Logic = 2)
  Source:            C (PAD)
  Destination:       aux_1 (FF)
  Destination Clock: Clk rising

  Data Path: C to aux_1
                                Gate     Net
    Cell:in->out      fanout   Delay   Delay  Logical Name (Net Name)
    ----------------------------------------  ------------
     IBUF:I->O             3   0.001   0.693  C_IBUF (C_IBUF)
     LUT5:I0->O            1   0.097   0.000  aux_1_rstpot (aux_1_rstpot)
     FD:D                      0.008          aux_1
    ----------------------------------------
    Total                      0.799ns (0.106ns logic, 0.693ns route)
                                       (13.3% logic, 86.7% route)

=========================================================================
Timing constraint: Default OFFSET OUT AFTER for Clock 'Clk'
  Total number of paths / destination ports: 6 / 5
-------------------------------------------------------------------------
Offset:              1.140ns (Levels of Logic = 2)
  Source:            aux_0 (FF)
  Destination:       Sal1 (PAD)
  Source Clock:      Clk rising

  Data Path: aux_0 to Sal1
                                Gate     Net
    Cell:in->out      fanout   Delay   Delay  Logical Name (Net Name)
    ----------------------------------------  ------------
     FD:C->Q               6   0.361   0.402  aux_0 (aux_0)
     LUT2:I0->O            1   0.097   0.279  Mram_Sal111 (Sal1_OBUF)
     OBUF:I->O                 0.000          Sal1_OBUF (Sal1)
    ----------------------------------------
    Total                      1.140ns (0.458ns logic, 0.682ns route)
                                       (40.2% logic, 59.8% route)

=========================================================================

Cross Clock Domains Report:
--------------------------

Clock to Setup on destination clock Clk
---------------+---------+---------+---------+---------+
               | Src:Rise| Src:Fall| Src:Rise| Src:Fall|
Source Clock   |Dest:Rise|Dest:Rise|Dest:Fall|Dest:Fall|
---------------+---------+---------+---------+---------+
Clk            |    1.064|         |         |         |
---------------+---------+---------+---------+---------+

=========================================================================


Total REAL time to Xst completion: 8.00 secs
Total CPU time to Xst completion: 7.32 secs
 
--> 

Total memory usage is 4616460 kilobytes

Number of errors   :    0 (   0 filtered)
Number of warnings :    3 (   0 filtered)
Number of infos    :    1 (   0 filtered)

